<?xml version="1.0" encoding="UTF-8" ?>
<testsuite errors="1" failures="0" hostname="Chaitanya" name="jobSchedulerTest" tests="3" time="0.907" timestamp="2012-01-19T17:06:07">
  <properties>
    <property name="libs.jsp-compiler.javadoc" value="" />
    <property name="netbeans.autoupdate.country" value="US" />
    <property name="profiler.settings.sort.results.by.thread.cpu.time" value="false" />
    <property name="profiler.info.single.file" value="/home/chaitanya/NetBeansProjects/vit2/prathamesh-sonpatki-JobScheduler-7abfc2a/test/jobSchedulerTest.java" />
    <property name="javac.test.classpath" value="/home/chaitanya/.netbeans/6.9/modules/ext/mysql-connector-java-5.1.6-bin.jar:/usr/share/netbeans/6.9/java/modules/ext/junit-4.5.jar:build/classes:/usr/share/netbeans/6.9/java/modules/ext/junit-4.5.jar" />
    <property name="libs.jsf20.maven-pom" value="" />
    <property name="libs.DataBindingME.src" value="" />
    <property name="libs.j2me_ant_ext.javadoc" value="" />
    <property name="profiler.settings.profiling.type" value="8" />
    <property name="libs.proguard.javadoc" value="" />
    <property name="libs.junit.javadoc" value="" />
    <property name="profiler.settings.cpu.quick.filterprofiler.simple.filter.value" value="" />
    <property name="javac.includes" value="jobSchedulerTest.java" />
    <property name="libs.nsicom-ant-utils.src" value="" />
    <property name="libs.nokiaS80-ant-utils.javadoc" value="" />
    <property name="ant.core.lib" value="/usr/share/netbeans/6.9/java/ant/lib/ant.jar" />
    <property name="libs.swing-app-framework.src" value="" />
    <property name="libs.jakarta_slide_ant_webdav.javadoc" value="" />
    <property name="javadoc.windowtitle" value="" />
    <property name="libs.toplink.classpath" value="/home/chaitanya/.netbeans/6.9/modules/ext/toplink/toplink-essentials.jar:/home/chaitanya/.netbeans/6.9/modules/ext/toplink/toplink-essentials-agent.jar" />
    <property name="libs.jsp-compilation.javadoc" value="" />
    <property name="user.dir" value="/home/chaitanya/NetBeansProjects/vit2/prathamesh-sonpatki-JobScheduler-7abfc2a" />
    <property name="libs.hibernate-persistence.javadoc" value="" />
    <property name="libs.JMUnit4CLDC10.javadoc" value="/home/chaitanya/.netbeans/6.9/modules/docs/jmunit-1.2.1-api.zip" />
    <property name="java.vm.version" value="20.0-b11" />
    <property name="libs.DataBindingME.classpath" value="/home/chaitanya/.netbeans/6.9/modules/ext/netbeans_databindingme.jar" />
    <property name="libs.jstl11.maven-pom" value="" />
    <property name="profiler.settings.sampling.interval" value="10" />
    <property name="libs.Java-EE-GlassFish-v3.wsimport" value="" />
    <property name="profiler.session.port.no" value="5140" />
    <property name="libs.nsicom-ant-utils.classpath" value="/home/chaitanya/.netbeans/6.9/ant/nblib/org-netbeans-modules-j2me-cdc-project-nsicom.jar" />
    <property name="libs.MySQLDriver.classpath" value="/home/chaitanya/.netbeans/6.9/modules/ext/mysql-connector-java-5.1.6-bin.jar" />
    <property name="libs.jstl11.src" value="" />
    <property name="javadoc.notree" value="false" />
    <property name="netbeans.autoupdate.version" value="1.23" />
    <property name="libs.EclipseLink-GlassFish-v3.classpath" value="/home/chaitanya/glassfish3/glassfish/modules/org.eclipse.persistence.oracle.jar:/home/chaitanya/glassfish3/glassfish/modules/org.eclipse.persistence.antlr.jar:/home/chaitanya/glassfish3/glassfish/modules/org.eclipse.persistence.jpa.modelgen.jar:/home/chaitanya/glassfish3/glassfish/modules/org.eclipse.persistence.asm.jar:/home/chaitanya/glassfish3/glassfish/modules/org.eclipse.persistence.jpa.jar:/home/chaitanya/glassfish3/glassfish/modules/org.eclipse.persistence.core.jar:/home/chaitanya/glassfish3/glassfish/modules/javax.persistence.jar" />
    <property name="libs.javaee-web-api-6.0.classpath" value="/home/chaitanya/.netbeans/6.9/modules/ext/javaee-web-api-6.0.jar" />
    <property name="libs.DataBindingME-PIM.maven-pom" value="" />
    <property name="libs.hibernate-support.maven-pom" value="" />
    <property name="libs.hibernate-support.javadoc" value="" />
    <property name="libs.NetBeans MIDP Components.maven-pom" value="" />
    <property name="jdk.home" value="/usr/lib/jvm/java-1.6.0-openjdk.x86_64" />
    <property name="libs.javac-api.src" value="" />
    <property name="javadoc.noindex" value="false" />
    <property name="sun.os.patch.level" value="unknown" />
    <property name="do.archive+manifest.available" value="true" />
    <property name="profiler.info.oomeprotection" value="yes" />
    <property name="java.vm.specification.name" value="Java Virtual Machine Specification" />
    <property name="libs.semc-ant-utils.classpath" value="/home/chaitanya/.netbeans/6.9/modules/ext/org-netbeans-modules-j2me-cdc-project-semc.jar" />
    <property name="nb.show.statistics.ui" value="usageStatisticsEnabled" />
    <property name="netbeans.autoupdate.variant" value="" />
    <property name="have.tests" value="true" />
    <property name="libs.nokiaS80-ant-utils.maven-pom" value="" />
    <property name="org.xml.sax.driver" value="com.sun.org.apache.xerces.internal.jaxp.SAXParserImpl$JAXPSAXParser" />
    <property name="libs.nb_svg_midp_components.src" value="/home/chaitanya/.netbeans/6.9/sources/nb_svg_midp_components-src.zip" />
    <property name="libs.NetBeans MIDP Components WMA.src" value="/home/chaitanya/.netbeans/6.9/sources/netbeans_midp_components_wma-src.zip" />
    <property name="libs.javac-api.javadoc" value="" />
    <property name="os.name" value="Linux" />
    <property name="libs.beans-binding.classpath" value="/usr/share/netbeans/6.9/java/modules/ext/beansbinding-1.2.1.jar" />
    <property name="libs.DataBindingME-SVG.javadoc" value="/home/chaitanya/.netbeans/6.9/modules/docs/netbeans_databindingme_svg-api.zip" />
    <property name="libs.restapi.javadoc" value="/home/chaitanya/.netbeans/6.9/docs/jsr311-api-1.1.1-javadoc.zip" />
    <property name="libs.JWSAntTasks.maven-pom" value="" />
    <property name="libs.spring-webmvc3.0.src" value="" />
    <property name="libs.restapi.classpath" value="/home/chaitanya/.netbeans/6.9/modules/ext/rest/jsr311-api-1.1.1.jar" />
    <property name="profiler.info.javaPlatform" value="default_platform" />
    <property name="profiler.settings.profilingpoints.enabled" value="true" />
    <property name="java.vendor.url.bug" value="http://java.sun.com/cgi-bin/bugreport.cgi" />
    <property name="libs.nsicom-ant-utils.javadoc" value="" />
    <property name="profiler.settings.instr.scheme" value="3" />
    <property name="libs.jaxb.maven-pom" value="" />
    <property name="profiler.info.project.dir" value="/home/chaitanya/NetBeansProjects/vit2/prathamesh-sonpatki-JobScheduler-7abfc2a" />
    <property name="os.arch" value="amd64" />
    <property name="libs.eclipselink.src" value="" />
    <property name="user.name" value="chaitanya" />
    <property name="libs.jsf12.javadoc" value="/home/chaitanya/.netbeans/6.9/docs/javaee6-doc-api.zip" />
    <property name="libs.Comet-GlassFish-v3.javadoc" value="" />
    <property name="manifest.available+main.class" value="true" />
    <property name="libs.spring-webmvc3.0.maven-pom" value="" />
    <property name="libs.swing-layout.maven-pom" value="" />
    <property name="sun.java.command" value="org.apache.tools.ant.taskdefs.optional.junit.JUnitTestRunner jobSchedulerTest filtertrace=true haltOnError=false haltOnFailure=false showoutput=true outputtoformatters=true logfailedtests=true logtestlistenerevents=false formatter=org.apache.tools.ant.taskdefs.optional.junit.BriefJUnitResultFormatter formatter=org.apache.tools.ant.taskdefs.optional.junit.XMLJUnitResultFormatter,/home/chaitanya/NetBeansProjects/vit2/prathamesh-sonpatki-JobScheduler-7abfc2a/TEST-jobSchedulerTest.xml crashfile=/home/chaitanya/NetBeansProjects/vit2/prathamesh-sonpatki-JobScheduler-7abfc2a/junitvmwatcher791900494196978417.properties propsfile=/home/chaitanya/NetBeansProjects/vit2/prathamesh-sonpatki-JobScheduler-7abfc2a/junit5035123633703486415.properties" />
    <property name="build.classes.dir" value="build/classes" />
    <property name="jnlp.descriptor" value="application" />
    <property name="libs.Java-EE-GlassFish-v3.wsjwsdp" value="" />
    <property name="build.sysclasspath" value="ignore" />
    <property name="libs.jaxws21.javadoc" value="/home/chaitanya/.netbeans/6.9/docs/jaxws-api-doc.zip" />
    <property name="includes" value="**" />
    <property name="user.country" value="US" />
    <property name="manifest.file" value="manifest.mf" />
    <property name="libs.jstl11.javadoc" value="/home/chaitanya/.netbeans/6.9/docs/javaee6-doc-api.zip" />
    <property name="libs.JMUnit4CLDC11.src" value="" />
    <property name="javadoc.encoding" value="UTF-8" />
    <property name="javac.classpath" value="/home/chaitanya/.netbeans/6.9/modules/ext/mysql-connector-java-5.1.6-bin.jar:/usr/share/netbeans/6.9/java/modules/ext/junit-4.5.jar" />
    <property name="libs.JAVADB_DRIVER_LABEL.src" value="" />
    <property name="debug-transport" value="dt_socket" />
    <property name="netbeans.system_http_non_proxy_hosts" value="" />
    <property name="netbeans.home" value="/usr/share/netbeans/6.9/platform" />
    <property name="build.compiler.emacs" value="true" />
    <property name="org.netbeans.lib.profiler.servletTracking" value="true" />
    <property name="libs.javaee-web-api-6.0.src" value="" />
    <property name="libs.ejb3-persistence.src" value="" />
    <property name="libs.Java-EE-GlassFish-v3.javadoc" value="/home/chaitanya/.netbeans/6.9/docs/javaee6-doc-api.zip" />
    <property name="libs.nokiaS80-ant-utils.src" value="" />
    <property name="libs.cdc-pp-awt-layout.javadoc" value="" />
    <property name="libs.j2me_ant_ext.classpath" value="/home/chaitanya/.netbeans/6.9/modules/org-netbeans-modules-mobility-antext.jar:/usr/share/netbeans/6.9/java/modules/org-netbeans-modules-classfile.jar" />
    <property name="java.endorsed.dirs" value="/usr/lib/jvm/java-1.6.0-openjdk-1.6.0.0.x86_64/jre/lib/endorsed" />
    <property name="libs.Comet-GlassFish-v3.maven-pom" value="" />
    <property name="netbeans.dynamic.classpath" value="/usr/share/netbeans/6.9/platform/core/core.jar:/usr/share/netbeans/6.9/platform/core/org-openide-filesystems.jar:/usr/share/netbeans/6.9/nb/core/org-netbeans-upgrader.jar:/usr/share/netbeans/6.9/nb/core/locale/core_nb.jar" />
    <property name="libs.cdc-agui-swing-layout.maven-pom" value="" />
    <property name="ant.file.vit2" value="/home/chaitanya/NetBeansProjects/vit2/prathamesh-sonpatki-JobScheduler-7abfc2a/build.xml" />
    <property name="jnlp.enabled" value="false" />
    <property name="profiler.settings.instrumentation.filter.selectedprofiler.simple.filter.type" value="0" />
    <property name="libs.cdc-pp-awt-layout.src" value="/home/chaitanya/.netbeans/6.9/sources/cdc-pp-awt-layout-src.zip" />
    <property name="java.vm.specification.version" value="1.0" />
    <property name="libs.jakarta_slide_ant_webdav.src" value="" />
    <property name="libs.javaee-api-6.0.classpath" value="/home/chaitanya/.netbeans/6.9/modules/ext/javaee-api-6.0.jar" />
    <property name="libs.sjmc-ant-utils.maven-pom" value="" />
    <property name="libs.JMUnit4CLDC10.maven-pom" value="" />
    <property name="libs.hibernate-persistence.classpath" value="/home/chaitanya/.netbeans/6.9/modules/ext/hibernate/antlr-2.7.6.jar:/home/chaitanya/.netbeans/6.9/modules/ext/hibernate/asm.jar:/home/chaitanya/.netbeans/6.9/modules/ext/hibernate/asm-attrs.jar:/home/chaitanya/.netbeans/6.9/modules/ext/hibernate/cglib-2.1.3.jar:/home/chaitanya/.netbeans/6.9/modules/ext/hibernate/commons-collections-2.1.1.jar:/usr/share/netbeans/6.9/ide/modules/ext/commons-logging-1.1.jar:/home/chaitanya/.netbeans/6.9/modules/ext/hibernate/dom4j-1.6.1.jar:/home/chaitanya/.netbeans/6.9/modules/ext/hibernate/ehcache-1.2.3.jar:/home/chaitanya/.netbeans/6.9/modules/ext/hibernate/jdbc2_0-stdext.jar:/home/chaitanya/.netbeans/6.9/modules/ext/hibernate/jta.jar:/home/chaitanya/.netbeans/6.9/modules/ext/hibernate/hibernate3.jar:/home/chaitanya/.netbeans/6.9/modules/ext/hibernate/hibernate-tools.jar:/home/chaitanya/.netbeans/6.9/modules/ext/hibernate/hibernate-annotations.jar:/home/chaitanya/.netbeans/6.9/modules/ext/hibernate/hibernate-commons-annotations.jar:/home/chaitanya/.netbeans/6.9/modules/ext/hibernate/hibernate-entitymanager.jar:/home/chaitanya/.netbeans/6.9/modules/ext/hibernate/javassist.jar:/home/chaitanya/.netbeans/6.9/modules/ext/hibernate/ejb3-persistence.jar" />
    <property name="libs.jaxws21.src" value="" />
    <property name="application.title" value="vit2" />
    <property name="do.archive" value="true" />
    <property name="libs.swing-app-framework.classpath" value="/usr/share/netbeans/6.9/java/modules/ext/appframework-1.0.3.jar" />
    <property name="netbeans.autoupdate.language" value="en" />
    <property name="libs.jakarta_slide_ant_webdav.classpath" value="/home/chaitanya/.netbeans/6.9/modules/ext/commons-httpclient-3.0.1.jar:/usr/share/netbeans/6.9/ide/modules/ext/commons-logging-1.1.jar:/home/chaitanya/.netbeans/6.9/modules/ext/jdom-1.0.jar:/home/chaitanya/.netbeans/6.9/modules/ext/jakarta-slide-webdavlib-2.1.jar:/home/chaitanya/.netbeans/6.9/modules/ext/jakarta-slide-ant-webdav-2.1.jar" />
    <property name="profiler.settings.override.jvm.args" value="" />
    <property name="java.vendor" value="Sun Microsystems Inc." />
    <property name="libs.JMUnit4CLDC10.src" value="" />
    <property name="libs.javaee-api-6.0.javadoc" value="/home/chaitanya/.netbeans/6.9/docs/javaee6-doc-api.zip" />
    <property name="javac.debug" value="true" />
    <property name="javadoc.splitindex" value="true" />
    <property name="file.separator" value="/" />
    <property name="libs.IdentityAntTasks.src" value="" />
    <property name="javac.includesfile.binary" value="/home/chaitanya/NetBeansProjects/vit2/prathamesh-sonpatki-JobScheduler-7abfc2a/null900347704" />
    <property name="libs.restlib_gfv3ee6.classpath" value="/home/chaitanya/glassfish3/glassfish/modules/asm-all-repackaged.jar:/home/chaitanya/glassfish3/glassfish/modules/jackson-core-asl.jar:/home/chaitanya/glassfish3/glassfish/modules/jersey-multipart.jar:/home/chaitanya/glassfish3/glassfish/modules/jettison.jar" />
    <property name="libs.ActiveSync.classpath" value="/home/chaitanya/.netbeans/6.9/modules/ext/nbactivesync-5.0.jar" />
    <property name="libs.junit_4.maven-pom" value="" />
    <property name="javac.test.processorpath" value="/home/chaitanya/.netbeans/6.9/modules/ext/mysql-connector-java-5.1.6-bin.jar:/usr/share/netbeans/6.9/java/modules/ext/junit-4.5.jar:build/classes:/usr/share/netbeans/6.9/java/modules/ext/junit-4.5.jar" />
    <property name="netbeans.buildnumber" value="110919-unknown-revn" />
    <property name="libs.JWSAntTasks.javadoc" value="" />
    <property name="javax.accessibility.assistive_technologies" value="org.GNOME.Accessibility.JavaBridge" />
    <property name="build.generated.sources.dir" value="build/generated-sources" />
    <property name="libs.Java-EE-GlassFish-v3.wscompile" value="" />
    <property name="sun.java.launcher" value="SUN_STANDARD" />
    <property name="libs.junit.classpath" value="/usr/share/netbeans/6.9/java/modules/ext/junit-3.8.2.jar" />
    <property name="profiler.settings.obj.alloc.stack.sampling.interval" value="10" />
    <property name="libs.jaxb.javadoc" value="/home/chaitanya/.netbeans/6.9/docs/jaxb-api-doc.zip" />
    <property name="libs.struts.classpath" value="/home/chaitanya/.netbeans/6.9/modules/ext/struts/antlr-2.7.2.jar:/home/chaitanya/.netbeans/6.9/modules/ext/struts/bsf-2.3.0.jar:/home/chaitanya/.netbeans/6.9/modules/ext/struts/commons-beanutils-1.7.0.jar:/home/chaitanya/.netbeans/6.9/modules/ext/struts/commons-chain-1.1.jar:/home/chaitanya/.netbeans/6.9/modules/ext/struts/commons-digester-1.8.jar:/home/chaitanya/.netbeans/6.9/modules/ext/struts/commons-fileupload-1.1.1.jar:/home/chaitanya/.netbeans/6.9/modules/ext/struts/commons-io-1.1.jar:/home/chaitanya/.netbeans/6.9/modules/ext/struts/commons-logging-1.0.4.jar:/home/chaitanya/.netbeans/6.9/modules/ext/struts/commons-validator-1.3.1.jar:/home/chaitanya/.netbeans/6.9/modules/ext/struts/jstl-1.0.2.jar:/home/chaitanya/.netbeans/6.9/modules/ext/struts/oro-2.0.8.jar:/home/chaitanya/.netbeans/6.9/modules/ext/struts/standard-1.0.2.jar:/home/chaitanya/.netbeans/6.9/modules/ext/struts/struts-core-1.3.8.jar:/home/chaitanya/.netbeans/6.9/modules/ext/struts/struts-el-1.3.8.jar:/home/chaitanya/.netbeans/6.9/modules/ext/struts/struts-extras-1.3.8.jar:/home/chaitanya/.netbeans/6.9/modules/ext/struts/struts-faces-1.3.8.jar:/home/chaitanya/.netbeans/6.9/modules/ext/struts/struts-mailreader-dao-1.3.8.jar:/home/chaitanya/.netbeans/6.9/modules/ext/struts/struts-scripting-1.3.8.jar:/home/chaitanya/.netbeans/6.9/modules/ext/struts/struts-taglib-1.3.8.jar:/home/chaitanya/.netbeans/6.9/modules/ext/struts/struts-tiles-1.3.8.jar" />
    <property name="profiler.settings.cpu.quick.filterprofiler.filter.type" value="profiler.simple.filter" />
    <property name="org.openide.awt.SwingBrowserImpl.do-not-block-awt" value="false" />
    <property name="javac.includes.binary" value="/home/chaitanya/NetBeansProjects/vit2/prathamesh-sonpatki-JobScheduler-7abfc2a/build/test/classes/jobSchedulerTest.class" />
    <property name="ant.home" value="/usr/share/netbeans/6.9/java/ant" />
    <property name="libs.junit_4.src" value="" />
    <property name="libs.ricoh-ant-utils.maven-pom" value="" />
    <property name="do.archive+manifest.available+main.class+mkdist.available" value="true" />
    <property name="libs.absolutelayout.maven-pom" value="" />
    <property name="ant.java.version" value="1.6" />
    <property name="java.library.path" value="/usr/lib/jvm/java-1.6.0-openjdk-1.6.0.0.x86_64/jre/lib/amd64/server:/usr/lib/jvm/java-1.6.0-openjdk-1.6.0.0.x86_64/jre/lib/amd64:/usr/lib/jvm/java-1.6.0-openjdk-1.6.0.0.x86_64/jre/../lib/amd64:/usr/java/packages/lib/amd64:/usr/lib64:/lib64:/lib:/usr/lib" />
    <property name="javadoc.author" value="false" />
    <property name="libs.metro.maven-pom" value="" />
    <property name="profiler.settings.run.gc.on.get.results.in.memory.profiling" value="true" />
    <property name="libs.IdentityAntTasks.classpath" value="/home/chaitanya/.netbeans/6.9/ant/nblib/org-netbeans-modules-identity-ant.jar:/home/chaitanya/.netbeans/6.9/modules/org-netbeans-modules-identity-profile-api.jar" />
    <property name="libs.EclipseLink-GlassFish-v3.src" value="" />
    <property name="java.util.logging.config.class" value="org.netbeans.core.startup.TopLogging" />
    <property name="profiler.settings.instrumentation.filter.selectedprofiler.simple.filter.value" value="" />
    <property name="libs.PostgreSQLDriver.src" value="" />
    <property name="sun.arch.data.model" value="64" />
    <property name="profiler.session.jvm.args" value="" />
    <property name="basedir" value="/home/chaitanya/NetBeansProjects/vit2/prathamesh-sonpatki-JobScheduler-7abfc2a" />
    <property name="libs.ActiveSync.src" value="" />
    <property name="jar.compress" value="false" />
    <property name="libs.NetBeans MIDP Components PDA.src" value="/home/chaitanya/.netbeans/6.9/sources/netbeans_midp_components_pda-src.zip" />
    <property name="libs.jstl11.classpath" value="/home/chaitanya/.netbeans/6.9/modules/ext/standard.jar:/home/chaitanya/.netbeans/6.9/modules/ext/jstl.jar" />
    <property name="path.separator" value=":" />
    <property name="libs.javaee-web-api-6.0.javadoc" value="/home/chaitanya/.netbeans/6.9/docs/javaee6-doc-api.zip" />
    <property name="sun.io.unicode.encoding" value="UnicodeLittle" />
    <property name="libs.semc-ant-utils.javadoc" value="" />
    <property name="libs.jaxws21.classpath" value="/home/chaitanya/.netbeans/6.9/modules/ext/jaxb/jaxb-impl.jar:/home/chaitanya/.netbeans/6.9/modules/ext/jaxb/jaxb-xjc.jar:/home/chaitanya/.netbeans/6.9/modules/ext/jaxws22/FastInfoset.jar:/home/chaitanya/.netbeans/6.9/modules/ext/jaxws22/gmbal-api-only.jar:/home/chaitanya/.netbeans/6.9/modules/ext/jaxws22/http.jar:/home/chaitanya/.netbeans/6.9/modules/ext/jaxws22/jaxws-rt.jar:/home/chaitanya/.netbeans/6.9/modules/ext/jaxws22/jaxws-tools.jar:/home/chaitanya/.netbeans/6.9/modules/ext/jaxws22/management-api.jar:/home/chaitanya/.netbeans/6.9/modules/ext/jaxws22/mimepull.jar:/home/chaitanya/.netbeans/6.9/modules/ext/jaxws22/policy.jar:/home/chaitanya/.netbeans/6.9/modules/ext/jaxws22/saaj-impl.jar:/home/chaitanya/.netbeans/6.9/modules/ext/jaxws22/stax-ex.jar:/home/chaitanya/.netbeans/6.9/modules/ext/jaxws22/streambuffer.jar:/home/chaitanya/.netbeans/6.9/modules/ext/jaxws22/woodstox.jar:/home/chaitanya/.netbeans/6.9/modules/ext/jaxws22/api/jaxws-api.jar:/home/chaitanya/.netbeans/6.9/modules/ext/jaxws22/api/jsr181-api.jar:/home/chaitanya/.netbeans/6.9/modules/ext/jaxws22/api/jsr250-api.jar:/home/chaitanya/.netbeans/6.9/modules/ext/jaxws22/api/saaj-api.jar:/home/chaitanya/.netbeans/6.9/modules/ext/jaxb/activation.jar:/home/chaitanya/.netbeans/6.9/modules/ext/jaxb/api/jaxb-api.jar:/home/chaitanya/.netbeans/6.9/modules/ext/jaxb/api/jsr173_api.jar" />
    <property name="libs.struts.src" value="" />
    <property name="compile.on.save" value="true" />
    <property name="user.language" value="en" />
    <property name="ant.file.type.-profiler-impl" value="file" />
    <property name="libs.spring-framework.classpath" value="/usr/share/netbeans/6.9/ide/modules/ext/commons-logging-1.1.jar:/home/chaitanya/.netbeans/6.9/modules/ext/cglib-2.2.jar:/home/chaitanya/.netbeans/6.9/modules/ext/spring/spring-2.5.6.SEC01.jar" />
    <property name="profiler.settings.instrumentation.filter.selectedprofiler.filter.type" value="profiler.simple.filter" />
    <property name="libs.eclipselink.maven-pom" value="" />
    <property name="profiler.info.oomeprotection.dumppath" value="/home/chaitanya/NetBeansProjects/vit2/prathamesh-sonpatki-JobScheduler-7abfc2a/nbproject/private/profiler" />
    <property name="application.vendor" value="chaitanya" />
    <property name="profiler.settings.thread.cpu.timer.on" value="false" />
    <property name="manifest.available" value="true" />
    <property name="libs.spring-framework300.maven-pom" value="" />
    <property name="run.test.classpath" value="/home/chaitanya/.netbeans/6.9/modules/ext/mysql-connector-java-5.1.6-bin.jar:/usr/share/netbeans/6.9/java/modules/ext/junit-4.5.jar:build/classes:/usr/share/netbeans/6.9/java/modules/ext/junit-4.5.jar:build/test/classes" />
    <property name="ant.project.invoked-targets" value="profile-test-single" />
    <property name="useJavaUtilZip" value="true" />
    <property name="libs.swing-layout.javadoc" value="" />
    <property name="libs.swing-app-framework.javadoc" value="" />
    <property name="libs.ejb3-persistence.maven-pom" value="" />
    <property name="libs.proguard.classpath" value="/home/chaitanya/.netbeans/6.9/external/proguard/proguard4.4.jar" />
    <property name="libs.DataBindingME-SVG.classpath" value="/home/chaitanya/.netbeans/6.9/modules/ext/netbeans_databindingme_svg.jar" />
    <property name="https.nonProxyHosts" value="localhost|127.0.0.1|Chaitanya" />
    <property name="libs.PostgreSQLDriver.maven-pom" value="" />
    <property name="java.class.version" value="50.0" />
    <property name="libs.JAVADB_DRIVER_LABEL.classpath" value="/home/chaitanya/glassfish3/javadb/lib/derby.jar:/home/chaitanya/glassfish3/javadb/lib/derbyclient.jar:/home/chaitanya/glassfish3/javadb/lib/derbynet.jar" />
    <property name="libs.javaee-endorsed-api-6.0.src" value="" />
    <property name="libs.cdc-ant-utils.classpath" value="/home/chaitanya/.netbeans/6.9/modules/ext/org-netbeans-modules-j2me-cdc-project.jar" />
    <property name="profiler.settings.instrumentation.root.methods.size" value="1" />
    <property name="netbeans.system_http_proxy" value="DIRECT" />
    <property name="libs.eclipselink.javadoc" value="/home/chaitanya/.netbeans/6.9/docs/javaee6-doc-api.zip" />
    <property name="libs.NetBeans MIDP Components WMA.maven-pom" value="" />
    <property name="libs.jsp-compilation.maven-pom" value="" />
    <property name="user.properties.file" value="/home/chaitanya/.netbeans/6.9/build.properties" />
    <property name="profiler.settings.instrumentation.marker.methods.size" value="0" />
    <property name="runtime.encoding" value="UTF-8" />
    <property name="profiler.settings.istrumentation.root.methods-0" value="jobSchedulerTest,&lt;all&gt;," />
    <property name="libs.spring-framework.src" value="" />
    <property name="libs.javac-api.maven-pom" value="" />
    <property name="file.encoding.pkg" value="sun.io" />
    <property name="sun.cpu.endian" value="little" />
    <property name="libs.JWSAntTasks.classpath" value="/usr/share/netbeans/6.9/java/ant/extra/org-netbeans-modules-javawebstart-anttasks.jar" />
    <property name="libs.spring-framework300.src" value="" />
    <property name="libs.ant-contrib.classpath" value="/home/chaitanya/.netbeans/6.9/modules/ext/ant-contrib-1.0b3.jar" />
    <property name="empty.dir" value="/home/chaitanya/NetBeansProjects/vit2/prathamesh-sonpatki-JobScheduler-7abfc2a/build/empty" />
    <property name="version-output" value="java version &quot;1.6" />
    <property name="javadoc.preview" value="true" />
    <property name="java.home" value="/usr/lib/jvm/java-1.6.0-openjdk-1.6.0.0.x86_64/jre" />
    <property name="libs.shale105.classpath" value="/home/chaitanya/.netbeans/6.9/modules/ext/shale/commons-logging-1.1.jar:/home/chaitanya/.netbeans/6.9/modules/ext/shale/shale-dialog-1.0.5.jar:/home/chaitanya/.netbeans/6.9/modules/ext/shale/shale-dialog-basic-1.0.5.jar" />
    <property name="libs.shale105.javadoc" value="" />
    <property name="libs.jsp-compilation.src" value="" />
    <property name="libs.ricoh-ant-utils.src" value="" />
    <property name="libs.spring-webmvc.src" value="" />
    <property name="libs.ant-contrib.javadoc" value="" />
    <property name="debug.test.classpath" value="/home/chaitanya/.netbeans/6.9/modules/ext/mysql-connector-java-5.1.6-bin.jar:/usr/share/netbeans/6.9/java/modules/ext/junit-4.5.jar:build/classes:/usr/share/netbeans/6.9/java/modules/ext/junit-4.5.jar:build/test/classes" />
    <property name="libs.javaee-endorsed-api-6.0.classpath" value="/home/chaitanya/.netbeans/6.9/modules/ext/javaee6-endorsed/javax.annotation.jar:/home/chaitanya/.netbeans/6.9/modules/ext/javaee6-endorsed/jaxb-api-osgi.jar:/home/chaitanya/.netbeans/6.9/modules/ext/javaee6-endorsed/webservices-api-osgi.jar" />
    <property name="libs.javaee-api-6.0.src" value="" />
    <property name="netbeans.importclass" value="org.netbeans.upgrade.AutoUpgrade" />
    <property name="ant.project.default-target" value="default" />
    <property name="annotation.processing.run.all.processors" value="true" />
    <property name="libs.savaje-ant-utils.classpath" value="/home/chaitanya/.netbeans/6.9/modules/ext/org-netbeans-modules-j2me-cdc-project-savaje.jar" />
    <property name="libs.toplink.maven-pom" value="" />
    <property name="jar.archive.disabled" value="false" />
    <property name="libs.DataBindingME.maven-pom" value="" />
    <property name="libs.PostgreSQLDriver.javadoc" value="" />
    <property name="libs.restlib.classpath" value="/home/chaitanya/.netbeans/6.9/modules/ext/rest/asm-3.1.jar:/home/chaitanya/.netbeans/6.9/modules/ext/rest/jackson-core-asl-1.1.1.jar:/home/chaitanya/.netbeans/6.9/modules/ext/rest/jersey-client-1.1.5.1.jar:/home/chaitanya/.netbeans/6.9/modules/ext/rest/jersey-core-1.1.5.1.jar:/home/chaitanya/.netbeans/6.9/modules/ext/rest/jersey-json-1.1.5.1.jar:/home/chaitanya/.netbeans/6.9/modules/ext/rest/jersey-server-1.1.5.1.jar:/home/chaitanya/.netbeans/6.9/modules/ext/rest/jersey-spring-1.1.5.1.jar:/home/chaitanya/.netbeans/6.9/modules/ext/rest/jettison-1.1.jar:/home/chaitanya/.netbeans/6.9/modules/ext/rest/oauth-client-1.1.5.1.jar:/home/chaitanya/.netbeans/6.9/modules/ext/rest/oauth-signature-1.1.5.1.jar:/home/chaitanya/.netbeans/6.9/modules/ext/jaxb/activation.jar:/home/chaitanya/.netbeans/6.9/modules/ext/jaxb/api/jaxb-api.jar:/home/chaitanya/.netbeans/6.9/modules/ext/jaxb/api/jsr173_api.jar" />
    <property name="libs.JMUnit4CLDC11.javadoc" value="/home/chaitanya/.netbeans/6.9/modules/docs/jmunit-1.2.1-api.zip" />
    <property name="profiler.settings.instrumentation.filter.selectedprofiler.simple.filter.name" value="Profile all classes" />
    <property name="libs.nsicom-ant-utils.maven-pom" value="" />
    <property name="libs.MySQLDriver.maven-pom" value="" />
    <property name="libs.savaje-ant-utils.src" value="" />
    <property name="http.nonProxyHosts" value="localhost|127.0.0.1|Chaitanya" />
    <property name="libs.junit_4.javadoc" value="" />
    <property name="libs.spring-webmvc.javadoc" value="" />
    <property name="libs.toplink.src" value="" />
    <property name="libs.EclipseLink-GlassFish-v3.maven-pom" value="" />
    <property name="libs.javaee-web-api-6.0.maven-pom" value="" />
    <property name="libs.cdc-pp-awt-layout.classpath" value="/home/chaitanya/.netbeans/6.9/modules/ext/cdc-pp-awt-layout.jar" />
    <property name="profiler.settigns.ispreset" value="true" />
    <property name="profile.class" value="jobSchedulerTest" />
    <property name="libs.cdc-agui-swing-layout.src" value="/home/chaitanya/.netbeans/6.9/sources/cdc-agui-swing-layout-src.zip" />
    <property name="run.classpath" value="/home/chaitanya/.netbeans/6.9/modules/ext/mysql-connector-java-5.1.6-bin.jar:/usr/share/netbeans/6.9/java/modules/ext/junit-4.5.jar:build/classes" />
    <property name="libs.hibernate-support.src" value="" />
    <property name="libs.javaee-endorsed-api-6.0.javadoc" value="/home/chaitanya/.netbeans/6.9/docs/javaee6-doc-api.zip" />
    <property name="libs.JMUnit4CLDC11.classpath" value="/home/chaitanya/.netbeans/6.9/modules/ext/jmunit4cldc11-1.2.1.jar" />
    <property name="libs.nb_svg_midp_components.classpath" value="/home/chaitanya/.netbeans/6.9/modules/ext/nb_svg_midp_components.jar" />
    <property name="profiler.settings.cpu.exclude.wait.time" value="true" />
    <property name="profiler.settings.override" value="false" />
    <property name="libs.spring-webmvc3.0.javadoc" value="" />
    <property name="annotation.processing.enabled.in.editor" value="false" />
    <property name="libs.NetBeans MIDP Components PDA.classpath" value="/home/chaitanya/.netbeans/6.9/modules/ext/netbeans_midp_components_pda.jar" />
    <property name="libs.semc-ant-utils.maven-pom" value="" />
    <property name="profiler.settings.cpu.quick.filterprofiler.simple.filter.type" value="1" />
    <property name="profiler.session.args" value="" />
    <property name="libs.restapi.src" value="" />
    <property name="libs.NetBeans MIDP Components.javadoc" value="/home/chaitanya/.netbeans/6.9/modules/docs/netbeans_midp_components_basic-api.zip" />
    <property name="sun.management.compiler" value="HotSpot 64-Bit Tiered Compilers" />
    <property name="javac.deprecation" value="false" />
    <property name="javadoc.use" value="true" />
    <property name="jna.boot.library.path" value="/home/chaitanya/.netbeans/6.9/var/cache/jna" />
    <property name="sun.java2d.noddraw" value="true" />
    <property name="libs.jsp-compiler.classpath" value="/home/chaitanya/.netbeans/6.9/ant/extra/jspcompile.jar" />
    <property name="javac.processorpath" value="/home/chaitanya/.netbeans/6.9/modules/ext/mysql-connector-java-5.1.6-bin.jar:/usr/share/netbeans/6.9/java/modules/ext/junit-4.5.jar" />
    <property name="libs.spring-webmvc.classpath" value="/home/chaitanya/.netbeans/6.9/modules/ext/spring/spring-webmvc-2.5.6.SEC01.jar" />
    <property name="javac.compilerargs" value="" />
    <property name="ant.file" value="/home/chaitanya/NetBeansProjects/vit2/prathamesh-sonpatki-JobScheduler-7abfc2a/build.xml" />
    <property name="libs.beans-binding.maven-pom" value="" />
    <property name="jnlp.codebase.type" value="no.codebase" />
    <property name="libs.jsf12.classpath" value="/home/chaitanya/.netbeans/6.9/modules/ext/jsf-1_2/commons-beanutils.jar:/home/chaitanya/.netbeans/6.9/modules/ext/jsf-1_2/commons-collections.jar:/home/chaitanya/.netbeans/6.9/modules/ext/jsf-1_2/commons-digester.jar:/home/chaitanya/.netbeans/6.9/modules/ext/jsf-1_2/commons-logging.jar:/home/chaitanya/.netbeans/6.9/modules/ext/jsf-1_2/jsf-api.jar:/home/chaitanya/.netbeans/6.9/modules/ext/jsf-1_2/jsf-impl.jar" />
    <property name="libs.shale105.src" value="" />
    <property name="sun.awt.exception.handler" value="org.netbeans.core.startup.TopLogging$AWTHandler" />
    <property name="libs.restapi.maven-pom" value="" />
    <property name="ant.file.vit2-impl" value="/home/chaitanya/NetBeansProjects/vit2/prathamesh-sonpatki-JobScheduler-7abfc2a/nbproject/build-impl.xml" />
    <property name="libs.beans-binding.src" value="" />
    <property name="libs.NetBeans MIDP Components PDA.javadoc" value="/home/chaitanya/.netbeans/6.9/modules/docs/netbeans_midp_components_pda-api.zip" />
    <property name="libs.DataBindingME-PIM.javadoc" value="/home/chaitanya/.netbeans/6.9/modules/docs/netbeans_databindingme_pim-api.zip" />
    <property name="java.vm.specification.vendor" value="Sun Microsystems Inc." />
    <property name="libs.swing-layout.src" value="" />
    <property name="libs.Java-EE-GlassFish-v3.embedabbleejb" value="" />
    <property name="org.openide.major.version" value="IDE/1" />
    <property name="libs.j2me_ant_ext.src" value="" />
    <property name="java.vm.name" value="OpenJDK 64-Bit Server VM" />
    <property name="netbeans.user" value="/home/chaitanya/.netbeans/6.9" />
    <property name="javadoc.additionalparam" value="" />
    <property name="libs.ricoh-ant-utils.classpath" value="/home/chaitanya/.netbeans/6.9/modules/ext/org-netbeans-modules-j2me-cdc-project-ricoh.jar:/home/chaitanya/.netbeans/6.9/modules/ext/RicohAntTasks-2.0.jar:/home/chaitanya/.netbeans/6.9/modules/ext/commons-httpclient-3.0.jar:/usr/share/netbeans/6.9/ide/modules/ext/commons-logging-1.1.jar:/home/chaitanya/.netbeans/6.9/modules/ext/commons-codec-1.3.jar" />
    <property name="jnlp.offline-allowed" value="false" />
    <property name="profiler.session.java.architecture" value="64" />
    <property name="java.vendor.url" value="http://java.sun.com/" />
    <property name="java.io.tmpdir" value="/tmp" />
    <property name="endorsed.classpath.cmd.line.arg" value="" />
    <property name="profiler.settings.instrument.spawned.threads" value="false" />
    <property name="libs.jsp-compiler.src" value="" />
    <property name="have.sources" value="true" />
    <property name="sun.boot.library.path" value="/usr/lib/jvm/java-1.6.0-openjdk-1.6.0.0.x86_64/jre/lib/amd64" />
    <property name="debug.classpath" value="/home/chaitanya/.netbeans/6.9/modules/ext/mysql-connector-java-5.1.6-bin.jar:/usr/share/netbeans/6.9/java/modules/ext/junit-4.5.jar:build/classes" />
    <property name="javadoc.private" value="false" />
    <property name="test.src.dir" value="test" />
    <property name="ant.file.type.vit2" value="file" />
    <property name="libs.jsf20.classpath" value="/home/chaitanya/.netbeans/6.9/modules/ext/jsf-2_0/jsf-api.jar:/home/chaitanya/.netbeans/6.9/modules/ext/jsf-2_0/jsf-impl.jar" />
    <property name="meta.inf.dir" value="src/META-INF" />
    <property name="javadoc.encoding.used" value="UTF-8" />
    <property name="libs.DataBindingME-SVG.src" value="" />
    <property name="dist.jar" value="dist/vit2.jar" />
    <property name="profiler.settings.code.region.cpu.res.buf.size" value="1000" />
    <property name="netbeans.automatic.build" value="true" />
    <property name="java.runtime.name" value="OpenJDK Runtime Environment" />
    <property name="profiler.info.jvmargs" value=" -XX:+HeapDumpOnOutOfMemoryError -XX:HeapDumpPath=/home/chaitanya/NetBeansProjects/vit2/prathamesh-sonpatki-JobScheduler-7abfc2a/nbproject/private/profiler " />
    <property name="ant.project.name" value="vit2" />
    <property name="netbeans.hash.code" value="unique=NBFC058681a89-1021-49d1-9c7c-ce083edb054d_0bffe4f1-ccaa-4330-aeca-20b94503bebe" />
    <property name="libs.j2me_ant_ext.maven-pom" value="" />
    <property name="sun.cpu.isalist" value="" />
    <property name="libs.CopyLibs.javadoc" value="" />
    <property name="profiler.settings.n.profiled.threads.limit" value="32" />
    <property name="libs.ActiveSync.javadoc" value="" />
    <property name="org.openide.specification.version" value="6.2" />
    <property name="libs.hibernate-support.classpath" value="/home/chaitanya/.netbeans/6.9/modules/ext/hibernate/antlr-2.7.6.jar:/home/chaitanya/.netbeans/6.9/modules/ext/hibernate/asm.jar:/home/chaitanya/.netbeans/6.9/modules/ext/hibernate/asm-attrs.jar:/home/chaitanya/.netbeans/6.9/modules/ext/hibernate/cglib-2.1.3.jar:/home/chaitanya/.netbeans/6.9/modules/ext/hibernate/commons-collections-2.1.1.jar:/usr/share/netbeans/6.9/ide/modules/ext/commons-logging-1.1.jar:/home/chaitanya/.netbeans/6.9/modules/ext/hibernate/dom4j-1.6.1.jar:/home/chaitanya/.netbeans/6.9/modules/ext/hibernate/ehcache-1.2.3.jar:/home/chaitanya/.netbeans/6.9/modules/ext/hibernate/jdbc2_0-stdext.jar:/home/chaitanya/.netbeans/6.9/modules/ext/hibernate/jta.jar:/home/chaitanya/.netbeans/6.9/modules/ext/hibernate/hibernate3.jar:/home/chaitanya/.netbeans/6.9/modules/ext/hibernate/hibernate-tools.jar:/home/chaitanya/.netbeans/6.9/modules/ext/hibernate/hibernate-annotations.jar:/home/chaitanya/.netbeans/6.9/modules/ext/hibernate/hibernate-commons-annotations.jar:/home/chaitanya/.netbeans/6.9/modules/ext/hibernate/hibernate-entitymanager.jar:/home/chaitanya/.netbeans/6.9/modules/ext/hibernate/javassist.jar" />
    <property name="libs.DataBindingME-PIM.classpath" value="/home/chaitanya/.netbeans/6.9/modules/ext/netbeans_databindingme_pim.jar" />
    <property name="user.home" value="/home/chaitanya" />
    <property name="annotation.processing.processors.list" value="" />
    <property name="debug-args-line" value="-Xdebug" />
    <property name="libs.NetBeans MIDP Components.classpath" value="/home/chaitanya/.netbeans/6.9/modules/ext/netbeans_midp_components_basic.jar" />
    <property name="libs.javaee-api-6.0.maven-pom" value="" />
    <property name="libs.JWSAntTasks.src" value="" />
    <property name="libs.CopyLibs.maven-pom" value="" />
    <property name="jar.index" value="false" />
    <property name="libs.absolutelayout.javadoc" value="" />
    <property name="libs.hibernate-persistence.maven-pom" value="" />
    <property name="libs.spring-framework300.javadoc" value="" />
    <property name="java.specification.name" value="Java Platform API Specification" />
    <property name="libs.swing-app-framework.maven-pom" value="" />
    <property name="libs.NetBeans MIDP Components WMA.classpath" value="/home/chaitanya/.netbeans/6.9/modules/ext/netbeans_midp_components_wma.jar" />
    <property name="libs.jakarta_slide_ant_webdav.maven-pom" value="" />
    <property name="profiler.settings.threads.monitoring.enabled" value="false" />
    <property name="jnlp.mixed.code" value="defaut" />
    <property name="libs.sjmc-ant-utils.src" value="" />
    <property name="libs.cdc-agui-swing-layout.javadoc" value="" />
    <property name="java.specification.vendor" value="Sun Microsystems Inc." />
    <property name="libs.javac-api.classpath" value="/usr/share/netbeans/6.9/java/modules/ext/javac-api-nb-7.0-b07.jar" />
    <property name="java.version" value="1.6.0_22" />
    <property name="libs.nokiaS80-ant-utils.classpath" value="/home/chaitanya/.netbeans/6.9/modules/ext/org-netbeans-modules-j2me-cdc-project-nokiaS80.jar" />
    <property name="javadoc.version" value="false" />
    <property name="libs.NetBeans MIDP Components WMA.javadoc" value="/home/chaitanya/.netbeans/6.9/modules/docs/netbeans_midp_components_wma-api.zip" />
    <property name="libs.MySQLDriver.javadoc" value="" />
    <property name="org.openide.version" value="deprecated" />
    <property name="libs.restlib_gfv3ee6.maven-pom" value="" />
    <property name="source.encoding" value="UTF-8" />
    <property name="libs.ActiveSync.maven-pom" value="" />
    <property name="ap.cmd.line.internal" value="" />
    <property name="libs.junit.maven-pom" value="" />
    <property name="libs.metro.javadoc" value="/home/chaitanya/.netbeans/6.9/docs/metro-1.4-doc.zip" />
    <property name="libs.struts.maven-pom" value="" />
    <property name="netbeans.home+have.tests" value="true" />
    <property name="profiler.info.jvm" value="/usr/lib/jvm/java-1.6.0-openjdk.x86_64/bin/java" />
    <property name="annotation.processing.processor.options" value="" />
    <property name="libs.IdentityAntTasks.maven-pom" value="" />
    <property name="libs.jaxb.src" value="" />
    <property name="libs.Java-EE-GlassFish-v3.wsgenerate" value="" />
    <property name="libs.cdc-ant-utils.src" value="" />
    <property name="work.dir" value="/home/chaitanya/NetBeansProjects/vit2/prathamesh-sonpatki-JobScheduler-7abfc2a" />
    <property name="libs.jaxb.classpath" value="/home/chaitanya/.netbeans/6.9/modules/ext/jaxb/jaxb-impl.jar:/home/chaitanya/.netbeans/6.9/modules/ext/jaxb/jaxb-xjc.jar:/home/chaitanya/.netbeans/6.9/modules/ext/jaxb/jaxb1-impl.jar:/home/chaitanya/.netbeans/6.9/modules/ext/jaxb/activation.jar:/home/chaitanya/.netbeans/6.9/modules/ext/jaxb/api/jaxb-api.jar:/home/chaitanya/.netbeans/6.9/modules/ext/jaxb/api/jsr173_api.jar" />
    <property name="do.depend" value="false" />
    <property name="dist.javadoc.dir" value="dist/javadoc" />
    <property name="libs.swing-layout.classpath" value="/usr/share/netbeans/6.9/platform/modules/ext/swing-layout-1.0.4.jar" />
    <property name="libs.spring-webmvc3.0.classpath" value="/home/chaitanya/.netbeans/6.9/modules/ext/spring-3.0/spring-webmvc-3.0.2.RELEASE.jar" />
    <property name="libs.restlib.src" value="" />
    <property name="javac.source" value="1.5" />
    <property name="build.generated.dir" value="build/generated" />
    <property name="profiler.info.dir" value="/home/chaitanya/NetBeansProjects/vit2/prathamesh-sonpatki-JobScheduler-7abfc2a" />
    <property name="profiler.session.working.dir" value="/home/chaitanya" />
    <property name="line.separator" value="&#xa;" />
    <property name="libs.proguard.src" value="" />
    <property name="ant.file.type.vit2-impl" value="file" />
    <property name="libs.hibernate-persistence.src" value="" />
    <property name="profiler.settings.cpu.quick.filterprofiler.simple.filter.name" value="Quick filter..." />
    <property name="libs.nb_svg_midp_components.javadoc" value="/home/chaitanya/.netbeans/6.9/modules/docs/nb_svg_midp_components-api.zip" />
    <property name="java.specification.version" value="1.6" />
    <property name="java.vm.info" value="mixed mode" />
    <property name="libs.jaxws21.maven-pom" value="" />
    <property name="libs.cdc-ant-utils.javadoc" value="" />
    <property name="libs.spring-framework.maven-pom" value="" />
    <property name="sun.boot.class.path" value="/usr/lib/jvm/java-1.6.0-openjdk-1.6.0.0.x86_64/jre/lib/resources.jar:/usr/lib/jvm/java-1.6.0-openjdk-1.6.0.0.x86_64/jre/lib/rt.jar:/usr/lib/jvm/java-1.6.0-openjdk-1.6.0.0.x86_64/jre/lib/sunrsasign.jar:/usr/lib/jvm/java-1.6.0-openjdk-1.6.0.0.x86_64/jre/lib/jsse.jar:/usr/lib/jvm/java-1.6.0-openjdk-1.6.0.0.x86_64/jre/lib/jce.jar:/usr/lib/jvm/java-1.6.0-openjdk-1.6.0.0.x86_64/jre/lib/charsets.jar:/usr/lib/jvm/java-1.6.0-openjdk-1.6.0.0.x86_64/jre/lib/netx.jar:/usr/lib/jvm/java-1.6.0-openjdk-1.6.0.0.x86_64/jre/lib/plugin.jar:/usr/lib/jvm/java-1.6.0-openjdk-1.6.0.0.x86_64/jre/lib/rhino.jar:/usr/lib/jvm/java-1.6.0-openjdk-1.6.0.0.x86_64/jre/lib/modules/jdk.boot.jar:/usr/lib/jvm/java-1.6.0-openjdk-1.6.0.0.x86_64/jre/classes:/home/chaitanya/.netbeans/6.9/lib/jfluid-server.jar:/home/chaitanya/.netbeans/6.9/lib/jfluid-server-15.jar" />
    <property name="javac.target" value="1.5" />
    <property name="built-jar.properties" value="/home/chaitanya/NetBeansProjects/vit2/prathamesh-sonpatki-JobScheduler-7abfc2a/build/built-jar.properties" />
    <property name="build.test.classes.dir" value="build/test/classes" />
    <property name="src.dir" value="src" />
    <property name="libs.IdentityAntTasks.javadoc" value="" />
    <property name="annotation.processing.enabled" value="true" />
    <property name="libs.jsf20.src" value="" />
    <property name="profiler.settings.instrument.method.invoke" value="true" />
    <property name="libs.proguard.maven-pom" value="" />
    <property name="libs.DataBindingME-SVG.maven-pom" value="" />
    <property name="libs.jsf12.src" value="" />
    <property name="libs.savaje-ant-utils.javadoc" value="" />
    <property name="libs.JAVADB_DRIVER_LABEL.maven-pom" value="" />
    <property name="libs.struts.javadoc" value="/home/chaitanya/.netbeans/6.9/docs/struts-1.3.8-javadoc.zip" />
    <property name="libs.Comet-GlassFish-v3.classpath" value="/home/chaitanya/glassfish3/glassfish/modules/grizzly-comet.jar" />
    <property name="libs.cdc-ant-utils.maven-pom" value="" />
    <property name="libs.restlib_gfv3ee6.javadoc" value="/home/chaitanya/.netbeans/6.9/docs/jsr311-api-1.1.1-javadoc.zip" />
    <property name="profiler.settings.override.working.dir" value="" />
    <property name="libs.cdc-agui-swing-layout.classpath" value="/home/chaitanya/.netbeans/6.9/modules/ext/cdc-agui-swing-layout.jar" />
    <property name="dist.dir" value="dist" />
    <property name="profiler.settings.istrument.getter.setter.methods" value="false" />
    <property name="do.archive+manifest.available+main.class" value="true" />
    <property name="profiler.session.class.name" value="jobScheduler" />
    <property name="profiler.settings.profile.underlying.framework" value="false" />
    <property name="javac.fork" value="false" />
    <property name="libs.sjmc-ant-utils.classpath" value="/home/chaitanya/.netbeans/6.9/modules/ext/org-netbeans-modules-j2me-cdc-project-sjmc.jar" />
    <property name="libs.JMUnit4CLDC10.classpath" value="/home/chaitanya/.netbeans/6.9/modules/ext/jmunit4cldc10-1.2.1.jar" />
    <property name="java.awt.printerjob" value="sun.print.PSPrinterJob" />
    <property name="default.javac.source" value="1.6" />
    <property name="profiler.session.java.version" value="jdk16" />
    <property name="debug-transport-by-os" value="dt_socket" />
    <property name="sun.jnu.encoding" value="UTF-8" />
    <property name="libs.MySQLDriver.src" value="" />
    <property name="libs.ant-contrib.maven-pom" value="" />
    <property name="profiler.settings.obj.alloc.stack.sampling.depth" value="0" />
    <property name="java.runtime.version" value="1.6.0_22-b22" />
    <property name="build.test.results.dir" value="build/test/results" />
    <property name="libs.ejb3-persistence.javadoc" value="" />
    <property name="libs.NetBeans MIDP Components.src" value="/home/chaitanya/.netbeans/6.9/sources/netbeans_midp_components_basic-src.zip" />
    <property name="libs.sjmc-ant-utils.javadoc" value="" />
    <property name="manifest.available+main.class+mkdist.available" value="true" />
    <property name="profiler.session.class.path" value="/home/chaitanya/.netbeans/6.9/modules/ext/mysql-connector-java-5.1.6-bin.jar:/usr/share/netbeans/6.9/java/modules/ext/junit-4.5.jar:build/classes" />
    <property name="default.javac.target" value="1.6" />
    <property name="libs.Java-EE-GlassFish-v3.src" value="" />
    <property name="libs.junit_4.classpath" value="/usr/share/netbeans/6.9/java/modules/ext/junit-4.5.jar" />
    <property name="user.timezone" value="Asia/Calcutta" />
    <property name="libs.shale105.maven-pom" value="" />
    <property name="do.jar" value="true" />
    <property name="libs.ant-contrib.src" value="" />
    <property name="libs.javaee-endorsed-api-6.0.maven-pom" value="" />
    <property name="libs.JAVADB_DRIVER_LABEL.javadoc" value="" />
    <property name="netbeans.dirs" value="/usr/share/netbeans/6.9/nb:/usr/share/netbeans/6.9/bin/../ergonomics:/usr/share/netbeans/6.9/ide:/usr/share/netbeans/6.9/java:/usr/share/netbeans/6.9/bin/../xml:/usr/share/netbeans/6.9/apisupport:/usr/share/netbeans/6.9/bin/../webcommon:/usr/share/netbeans/6.9/bin/../websvccommon:/usr/share/netbeans/6.9/bin/../enterprise:/usr/share/netbeans/6.9/bin/../mobility:/usr/share/netbeans/6.9/bin/../profiler:/usr/share/netbeans/6.9/bin/../ruby:/usr/share/netbeans/6.9/bin/../python:/usr/share/netbeans/6.9/bin/../php:/usr/share/netbeans/6.9/bin/../visualweb:/usr/share/netbeans/6.9/bin/../soa:/usr/share/netbeans/6.9/bin/../identity:/usr/share/netbeans/6.9/bin/../uml:/usr/share/netbeans/6.9/harness:/usr/share/netbeans/6.9/bin/../cnd:/usr/share/netbeans/6.9/bin/../dlight:/usr/share/netbeans/6.9/bin/../groovy:/usr/share/netbeans/6.9/bin/../extra:/usr/share/netbeans/6.9/bin/../javafx:/usr/share/netbeans/6.9/bin/../javacard:" />
    <property name="libs.jsf20.javadoc" value="/home/chaitanya/.netbeans/6.9/docs/javaee6-doc-api.zip" />
    <property name="libs.restlib_gfv3ee6.src" value="" />
    <property name="java.ext.dirs" value="/usr/lib/jvm/java-1.6.0-openjdk-1.6.0.0.x86_64/jre/lib/ext:/usr/java/packages/lib/ext" />
    <property name="libs.metro.src" value="" />
    <property name="endorsed.classpath" value="" />
    <property name="libs.semc-ant-utils.src" value="" />
    <property name="libs.savaje-ant-utils.maven-pom" value="" />
    <property name="libs.absolutelayout.classpath" value="/usr/share/netbeans/6.9/java/modules/ext/AbsoluteLayout.jar" />
    <property name="excludes" value="" />
    <property name="libs.metro.classpath" value="/home/chaitanya/.netbeans/6.9/modules/ext/jaxb/activation.jar:/home/chaitanya/.netbeans/6.9/modules/ext/metro/webservices-api.jar:/home/chaitanya/.netbeans/6.9/modules/ext/metro/webservices-extra-api.jar:/home/chaitanya/.netbeans/6.9/modules/ext/metro/webservices-extra.jar:/home/chaitanya/.netbeans/6.9/modules/ext/metro/webservices-rt.jar:/home/chaitanya/.netbeans/6.9/modules/ext/metro/webservices-tools.jar" />
    <property name="libs.restlib.maven-pom" value="" />
    <property name="libs.DataBindingME.javadoc" value="/home/chaitanya/.netbeans/6.9/modules/docs/netbeans_databindingme-api.zip" />
    <property name="apple.laf.useScreenMenuBar" value="true" />
    <property name="java.class.path" value="/home/chaitanya/.netbeans/6.9/modules/ext/mysql-connector-java-5.1.6-bin.jar:/usr/share/netbeans/6.9/java/modules/ext/junit-4.5.jar:/home/chaitanya/NetBeansProjects/vit2/prathamesh-sonpatki-JobScheduler-7abfc2a/build/classes:/home/chaitanya/NetBeansProjects/vit2/prathamesh-sonpatki-JobScheduler-7abfc2a/build/test/classes:/usr/share/netbeans/6.9/java/ant/lib/ant-launcher.jar:/usr/share/netbeans/6.9/java/ant/lib/ant.jar:/usr/share/netbeans/6.9/java/ant/lib/ant-junit.jar" />
    <property name="do.mkdist" value="true" />
    <property name="libs.absolutelayout.src" value="" />
    <property name="profiler.settings.instrument.empty.methods" value="false" />
    <property name="libs.cdc-pp-awt-layout.maven-pom" value="" />
    <property name="os.version" value="3.1.9-1.fc16.x86_64" />
    <property name="application.args" value="" />
    <property name="libs.EclipseLink-GlassFish-v3.javadoc" value="/home/chaitanya/.netbeans/6.9/docs/javaee6-doc-api.zip" />
    <property name="libs.JMUnit4CLDC11.maven-pom" value="" />
    <property name="profiler.session.java.executable" value="/usr/lib/jvm/java-1.6.0-openjdk.x86_64/bin/java" />
    <property name="main.class.available" value="true" />
    <property name="libs.toplink.javadoc" value="/home/chaitanya/.netbeans/6.9/docs/javaee6-doc-api.zip" />
    <property name="sun.desktop" value="gnome" />
    <property name="libs.nb_svg_midp_components.maven-pom" value="" />
    <property name="libs.ricoh-ant-utils.javadoc" value="" />
    <property name="libs.Comet-GlassFish-v3.src" value="" />
    <property name="libs.NetBeans MIDP Components PDA.maven-pom" value="" />
    <property name="libs.restlib.javadoc" value="/home/chaitanya/.netbeans/6.9/docs/jersey-client-1.1.5.1-javadoc.zip:/home/chaitanya/.netbeans/6.9/docs/jersey-core-1.1.5.1-javadoc.zip:/home/chaitanya/.netbeans/6.9/docs/jersey-json-1.1.5.1-javadoc.zip:/home/chaitanya/.netbeans/6.9/docs/jersey-spring-1.1.5.1-javadoc.zip:/home/chaitanya/.netbeans/6.9/docs/oauth-client-1.1.5.1-javadoc.zip:/home/chaitanya/.netbeans/6.9/docs/oauth-signature-1.1.5.1-javadoc.zip" />
    <property name="libs.eclipselink.classpath" value="/home/chaitanya/.netbeans/6.9/modules/ext/eclipselink/eclipselink-2.0.2.jar:/home/chaitanya/.netbeans/6.9/modules/ext/eclipselink/eclipselink-javax.persistence-2.0.jar" />
    <property name="profiler.settings.settings.name" value="Analyze Performance" />
    <property name="libs.beans-binding.javadoc" value="" />
    <property name="java.awt.graphicsenv" value="sun.awt.X11GraphicsEnvironment" />
    <property name="libs.Java-EE-GlassFish-v3.classpath" value="/home/chaitanya/glassfish3/glassfish/modules/javax.jms.jar:/home/chaitanya/glassfish3/glassfish/modules/javax.mail.jar:/home/chaitanya/glassfish3/glassfish/modules/javax.ejb.jar:/home/chaitanya/glassfish3/glassfish/modules/bean-validator.jar:/home/chaitanya/glassfish3/glassfish/modules/jstl-impl.jar:/home/chaitanya/glassfish3/glassfish/modules/javax.security.auth.message.jar:/home/chaitanya/glassfish3/glassfish/modules/jaxr-api-osgi.jar:/home/chaitanya/glassfish3/glassfish/modules/javax.servlet.jar:/home/chaitanya/glassfish3/glassfish/modules/javax.transaction.jar:/home/chaitanya/glassfish3/glassfish/modules/javax.servlet.jsp.jar:/home/chaitanya/glassfish3/glassfish/modules/jaxrpc-api-osgi.jar:/home/chaitanya/glassfish3/glassfish/modules/javax.management.j2ee.jar:/home/chaitanya/glassfish3/glassfish/modules/javax.security.jacc.jar:/home/chaitanya/glassfish3/glassfish/modules/jsf-api.jar:/home/chaitanya/glassfish3/glassfish/modules/weld-osgi-bundle.jar:/home/chaitanya/glassfish3/glassfish/modules/javax.resource.jar:/home/chaitanya/glassfish3/glassfish/modules/endorsed/webservices-api-osgi.jar:/home/chaitanya/glassfish3/glassfish/modules/javax.enterprise.deploy.jar:/home/chaitanya/glassfish3/glassfish/modules/javax.servlet.jsp.jstl.jar:/home/chaitanya/glassfish3/glassfish/modules/jsf-impl.jar:/home/chaitanya/glassfish3/glassfish/modules/javax.persistence.jar:/home/chaitanya/glassfish3/glassfish/modules/endorsed/jaxb-api-osgi.jar:/home/chaitanya/glassfish3/glassfish/modules/endorsed/javax.annotation.jar:/home/chaitanya/glassfish3/glassfish/modules/web-core.jar" />
    <property name="profiler.info.jvmargs.agent" value="-agentpath:/home/chaitanya/.netbeans/6.9/lib/deployed/jdk16/linux-amd64/libprofilerinterface.so=/home/chaitanya/.netbeans/6.9/lib,5140,10" />
    <property name="java.vm.vendor" value="Sun Microsystems Inc." />
    <property name="libs.CopyLibs.classpath" value="/usr/share/netbeans/6.9/java/ant/extra/org-netbeans-modules-java-j2seproject-copylibstask.jar" />
    <property name="ant.file.-profiler-impl" value="/home/chaitanya/NetBeansProjects/vit2/prathamesh-sonpatki-JobScheduler-7abfc2a/nbproject/profiler-build-impl.xml" />
    <property name="libs.spring-framework300.classpath" value="/usr/share/netbeans/6.9/ide/modules/ext/commons-logging-1.1.jar:/home/chaitanya/.netbeans/6.9/modules/ext/cglib-2.2.jar:/home/chaitanya/.netbeans/6.9/modules/ext/spring-3.0/spring-aop-3.0.2.RELEASE.jar:/home/chaitanya/.netbeans/6.9/modules/ext/spring-3.0/spring-asm-3.0.2.RELEASE.jar:/home/chaitanya/.netbeans/6.9/modules/ext/spring-3.0/spring-aspects-3.0.2.RELEASE.jar:/home/chaitanya/.netbeans/6.9/modules/ext/spring-3.0/spring-beans-3.0.2.RELEASE.jar:/home/chaitanya/.netbeans/6.9/modules/ext/spring-3.0/spring-context-3.0.2.RELEASE.jar:/home/chaitanya/.netbeans/6.9/modules/ext/spring-3.0/spring-context-support-3.0.2.RELEASE.jar:/home/chaitanya/.netbeans/6.9/modules/ext/spring-3.0/spring-core-3.0.2.RELEASE.jar:/home/chaitanya/.netbeans/6.9/modules/ext/spring-3.0/spring-expression-3.0.2.RELEASE.jar:/home/chaitanya/.netbeans/6.9/modules/ext/spring-3.0/spring-instrument-3.0.2.RELEASE.jar:/home/chaitanya/.netbeans/6.9/modules/ext/spring-3.0/spring-instrument-tomcat-3.0.2.RELEASE.jar:/home/chaitanya/.netbeans/6.9/modules/ext/spring-3.0/spring-jdbc-3.0.2.RELEASE.jar:/home/chaitanya/.netbeans/6.9/modules/ext/spring-3.0/spring-jms-3.0.2.RELEASE.jar:/home/chaitanya/.netbeans/6.9/modules/ext/spring-3.0/spring-orm-3.0.2.RELEASE.jar:/home/chaitanya/.netbeans/6.9/modules/ext/spring-3.0/spring-oxm-3.0.2.RELEASE.jar:/home/chaitanya/.netbeans/6.9/modules/ext/spring-3.0/spring-test-3.0.2.RELEASE.jar:/home/chaitanya/.netbeans/6.9/modules/ext/spring-3.0/spring-tx-3.0.2.RELEASE.jar:/home/chaitanya/.netbeans/6.9/modules/ext/spring-3.0/spring-web-3.0.2.RELEASE.jar:/home/chaitanya/.netbeans/6.9/modules/ext/spring-3.0/spring-webmvc-portlet-3.0.2.RELEASE.jar:/home/chaitanya/.netbeans/6.9/modules/ext/spring-3.0/spring-webmvc-3.0.2.RELEASE.jar:/home/chaitanya/.netbeans/6.9/modules/ext/spring-3.0/spring-struts-3.0.2.RELEASE.jar" />
    <property name="libs.jsp-compiler.maven-pom" value="" />
    <property name="libs.Java-EE-GlassFish-v3.wsinterop" value="" />
    <property name="libs.spring-webmvc.maven-pom" value="" />
    <property name="run.jvmargs" value="" />
    <property name="libs.ejb3-persistence.classpath" value="/home/chaitanya/.netbeans/6.9/modules/ext/hibernate/ejb3-persistence.jar" />
    <property name="libs.spring-framework.javadoc" value="" />
    <property name="libs.DataBindingME-PIM.src" value="" />
    <property name="libs.PostgreSQLDriver.classpath" value="/home/chaitanya/.netbeans/6.9/modules/ext/postgresql-8.3-603.jdbc3.jar" />
    <property name="libs.jsf12.maven-pom" value="" />
    <property name="libs.junit.src" value="" />
    <property name="annotation.processing.source.output" value="build/generated-sources/ap-source-output" />
    <property name="jnlp.signed" value="false" />
    <property name="main.class" value="jobScheduler" />
    <property name="build.dir" value="build" />
    <property name="libs.CopyLibs.src" value="" />
    <property name="libs.jsp-compilation.classpath" value="/usr/share/netbeans/6.9/java/ant/lib/ant.jar:/home/chaitanya/.netbeans/6.9/modules/ext/servlet2.5-jsp2.1-api.jar:/home/chaitanya/.netbeans/6.9/modules/ext/glassfish-jspparser-2.0.jar:/home/chaitanya/.netbeans/6.9/modules/ext/glassfish-logging-2.0.jar:/usr/share/netbeans/6.9/ide/modules/ext/commons-logging-1.1.jar:/usr/share/netbeans/6.9/java/ant/lib/ant-launcher.jar" />
    <property name="ant.version" value="Apache Ant(TM) version 1.8.2 compiled on July 6 2011" />
    <property name="file.encoding" value="UTF-8" />
    <property name="build.classes.excludes" value="**/*.java,**/*.form" />
    <property name="javadoc.nonavbar" value="false" />
    <property name="platform.active" value="default_platform" />
    <property name="profiler.settings.cpu.profiling.type" value="0" />
  </properties>
  <testcase classname="jobSchedulerTest" name="testGetPopulationSize" time="0.012" />
  <testcase classname="jobSchedulerTest" name="testGetTotalJobs" time="0.0" />
  <testcase classname="jobSchedulerTest" name="testMain" time="0.378">
    <error type="java.lang.NullPointerException">java.lang.NullPointerException
	at jobScheduler.main(jobScheduler.java:101)
	at jobSchedulerTest.testMain(jobSchedulerTest.java:93)
</error>
  </testcase>
  <system-out><![CDATA[getPopulationSize
getTotalJobs
main
Job ID 3 Operation ID 0
Start Time :0
End Time: 0
Job ID 5 Operation ID 0
Start Time :0
End Time: 0
]]></system-out>
  <system-err><![CDATA[]]></system-err>
</testsuite>
